Using pre-set license
Built from '2020.3/staging' branch; Version is '2020.3.25f1 (9b9180224418) revision 10195328'; Using compiler version '192528614'; Build Type 'Release'
OS: 'Windows 10  (10.0.19043) 64bit Core' Language: 'en' Physical Memory: 16198 MB
BatchMode: 1, IsHumanControllingUs: 0, StartBugReporterOnCrash: 0, Is64bit: 1, IsPro: 0

COMMAND LINE ARGUMENTS:
C:\Program Files\Unity\Hub\Editor\2020.3.25f1\Editor\Unity.exe
-adb2
-batchMode
-noUpm
-name
AssetImportWorker0
-projectPath
C:/Users/tommy/Desktop/Game Development/MultiplayerSAT/SelfDefense
-logFile
Logs/AssetImportWorker0.log
-srvPort
52850
Successfully changed project path to: C:/Users/tommy/Desktop/Game Development/MultiplayerSAT/SelfDefense
C:/Users/tommy/Desktop/Game Development/MultiplayerSAT/SelfDefense
Using Asset Import Pipeline V2.
Refreshing native plugins compatible for Editor in 74.96 ms, found 3 plugins.
Preloading 0 native plugins for Editor in 0.00 ms.
Initialize engine version: 2020.3.25f1 (9b9180224418)
[Subsystems] Discovering subsystems at path C:/Program Files/Unity/Hub/Editor/2020.3.25f1/Editor/Data/Resources/UnitySubsystems
[Subsystems] Discovering subsystems at path C:/Users/tommy/Desktop/Game Development/MultiplayerSAT/SelfDefense/Assets
GfxDevice: creating device client; threaded=0
Direct3D:
    Version:  Direct3D 11.0 [level 11.1]
    Renderer: NVIDIA GeForce GTX 1050 with Max-Q Design (ID=0x1c8d)
    Vendor:   
    VRAM:     1979 MB
    Driver:   30.0.15.1169
Initialize mono
Mono path[0] = 'C:/Program Files/Unity/Hub/Editor/2020.3.25f1/Editor/Data/Managed'
Mono path[1] = 'C:/Program Files/Unity/Hub/Editor/2020.3.25f1/Editor/Data/MonoBleedingEdge/lib/mono/unityjit'
Mono config path = 'C:/Program Files/Unity/Hub/Editor/2020.3.25f1/Editor/Data/MonoBleedingEdge/etc'
Using monoOptions --debugger-agent=transport=dt_socket,embedding=1,server=y,suspend=n,address=127.0.0.1:56908
Begin MonoManager ReloadAssembly
Registering precompiled unity dll's ...
Register platform support module: C:/Program Files/Unity/Hub/Editor/2020.3.25f1/Editor/Data/PlaybackEngines/WebGLSupport/UnityEditor.WebGL.Extensions.dll
Register platform support module: C:/Program Files/Unity/Hub/Editor/2020.3.25f1/Editor/Data/PlaybackEngines/WindowsStandaloneSupport/UnityEditor.WindowsStandalone.Extensions.dll
Registered in 0.002518 seconds.
Native extension for WindowsStandalone target not found
Native extension for WebGL target not found
Refreshing native plugins compatible for Editor in 66.22 ms, found 3 plugins.
Preloading 0 native plugins for Editor in 0.00 ms.
Mono: successfully reloaded assembly
- Completed reload, in  0.538 seconds
Domain Reload Profiling:
	ReloadAssembly (538ms)
		BeginReloadAssembly (47ms)
			ExecutionOrderSort (0ms)
			DisableScriptedObjects (0ms)
			BackupInstance (0ms)
			ReleaseScriptingObjects (0ms)
			CreateAndSetChildDomain (1ms)
		EndReloadAssembly (419ms)
			LoadAssemblies (45ms)
			RebuildTransferFunctionScriptingTraits (0ms)
			SetupTypeCache (127ms)
			ReleaseScriptCaches (0ms)
			RebuildScriptCaches (29ms)
			SetupLoadedEditorAssemblies (177ms)
				LogAssemblyErrors (0ms)
				InitializePlatformSupportModulesInManaged (5ms)
				SetLoadedEditorAssemblies (0ms)
				RefreshPlugins (66ms)
				BeforeProcessingInitializeOnLoad (11ms)
				ProcessInitializeOnLoadAttributes (71ms)
				ProcessInitializeOnLoadMethodAttributes (23ms)
				AfterProcessingInitializeOnLoad (0ms)
				EditorAssembliesLoaded (0ms)
			ExecutionOrderSort2 (0ms)
			AwakeInstancesAfterBackupRestoration (0ms)
Platform modules already initialized, skipping
Registering precompiled user dll's ...
Registered in 0.009372 seconds.
Begin MonoManager ReloadAssembly
Native extension for WindowsStandalone target not found
Native extension for WebGL target not found
Refreshing native plugins compatible for Editor in 81.10 ms, found 3 plugins.
Preloading 0 native plugins for Editor in 0.00 ms.
System.NullReferenceException: Object reference not set to an instance of an object
  at Unity.Services.Core.Editor.PackageConfig..ctor (UnityEditor.PackageManager.PackageInfo packageInfo) [0x00001] in C:\Users\tommy\Desktop\Game Development\MultiplayerSAT\SelfDefense\Library\PackageCache\com.unity.services.core@1.1.0-pre.41\Editor\Core\Telemetry\PackageConfig.cs:15 
  at Unity.Services.Core.Editor.OperatePackageVersionConfigProvider.<FindAllOperatePackageInProject>g__GetPackageConfigFrom|7_0 (System.Type type) [0x0000d] in C:\Users\tommy\Desktop\Game Development\MultiplayerSAT\SelfDefense\Library\PackageCache\com.unity.services.core@1.1.0-pre.41\Editor\Core\Telemetry\OperatePackageVersionConfigProvider.cs:50 
  at (wrapper delegate-invoke) System.Func`2[System.Type,Unity.Services.Core.Editor.PackageConfig].invoke_TResult_T(System.Type)
  at System.Linq.Enumerable+SelectIListIterator`2[TSource,TResult].MoveNext () [0x00048] in <351e49e2a5bf4fd6beabb458ce2255f3>:0 
  at System.Linq.Set`1[TElement].UnionWith (System.Collections.Generic.IEnumerable`1[T] other) [0x00018] in <351e49e2a5bf4fd6beabb458ce2255f3>:0 
  at System.Linq.Enumerable+DistinctIterator`1[TSource].FillSet () [0x0000b] in <351e49e2a5bf4fd6beabb458ce2255f3>:0 
  at System.Linq.Enumerable+DistinctIterator`1[TSource].ToList () [0x00000] in <351e49e2a5bf4fd6beabb458ce2255f3>:0 
  at System.Linq.Enumerable.ToList[TSource] (System.Collections.Generic.IEnumerable`1[T] source) [0x0001f] in <351e49e2a5bf4fd6beabb458ce2255f3>:0 
  at Unity.Services.Core.Editor.OperatePackageVersionConfigProvider.FindAllOperatePackageInProject () [0x00001] in C:\Users\tommy\Desktop\Game Development\MultiplayerSAT\SelfDefense\Library\PackageCache\com.unity.services.core@1.1.0-pre.41\Editor\Core\Telemetry\OperatePackageVersionConfigProvider.cs:41 
  at Unity.Services.Core.Editor.OperatePackageVersionConfigProvider..cctor () [0x00001] in C:\Users\tommy\Desktop\Game Development\MultiplayerSAT\SelfDefense\Library\PackageCache\com.unity.services.core@1.1.0-pre.41\Editor\Core\Telemetry\OperatePackageVersionConfigProvider.cs:20 
UnityEngine.StackTraceUtility:ExtractStackTrace ()
UnityEngine.DebugLogHandler:LogFormat (UnityEngine.LogType,UnityEngine.Object,string,object[])
UnityEngine.Logger:Log (UnityEngine.LogType,object)
UnityEngine.Debug:LogError (object)
UnityEditor.EditorAssemblies:ProcessInitializeOnLoadAttributes (System.Type[])

System.Reflection.TargetInvocationException: Exception has been thrown by the target of an invocation. ---> System.Reflection.TargetInvocationException: Exception has been thrown by the target of an invocation. ---> System.TypeInitializationException: The type initializer for 'Unity.Services.Core.Editor.OperatePackageVersionConfigProvider' threw an exception. ---> System.NullReferenceException: Object reference not set to an instance of an object
  at Unity.Services.Core.Editor.PackageConfig..ctor (UnityEditor.PackageManager.PackageInfo packageInfo) [0x00001] in C:\Users\tommy\Desktop\Game Development\MultiplayerSAT\SelfDefense\Library\PackageCache\com.unity.services.core@1.1.0-pre.41\Editor\Core\Telemetry\PackageConfig.cs:15 
  at Unity.Services.Core.Editor.OperatePackageVersionConfigProvider.<FindAllOperatePackageInProject>g__GetPackageConfigFrom|7_0 (System.Type type) [0x0000d] in C:\Users\tommy\Desktop\Game Development\MultiplayerSAT\SelfDefense\Library\PackageCache\com.unity.services.core@1.1.0-pre.41\Editor\Core\Telemetry\OperatePackageVersionConfigProvider.cs:50 
  at (wrapper delegate-invoke) System.Func`2[System.Type,Unity.Services.Core.Editor.PackageConfig].invoke_TResult_T(System.Type)
  at System.Linq.Enumerable+SelectIListIterator`2[TSource,TResult].MoveNext () [0x00048] in <351e49e2a5bf4fd6beabb458ce2255f3>:0 
  at System.Linq.Set`1[TElement].UnionWith (System.Collections.Generic.IEnumerable`1[T] other) [0x00018] in <351e49e2a5bf4fd6beabb458ce2255f3>:0 
  at System.Linq.Enumerable+DistinctIterator`1[TSource].FillSet () [0x0000b] in <351e49e2a5bf4fd6beabb458ce2255f3>:0 
  at System.Linq.Enumerable+DistinctIterator`1[TSource].ToList () [0x00000] in <351e49e2a5bf4fd6beabb458ce2255f3>:0 
  at System.Linq.Enumerable.ToList[TSource] (System.Collections.Generic.IEnumerable`1[T] source) [0x0001f] in <351e49e2a5bf4fd6beabb458ce2255f3>:0 
  at Unity.Services.Core.Editor.OperatePackageVersionConfigProvider.FindAllOperatePackageInProject () [0x00001] in C:\Users\tommy\Desktop\Game Development\MultiplayerSAT\SelfDefense\Library\PackageCache\com.unity.services.core@1.1.0-pre.41\Editor\Core\Telemetry\OperatePackageVersionConfigProvider.cs:41 
  at Unity.Services.Core.Editor.OperatePackageVersionConfigProvider..cctor () [0x00001] in C:\Users\tommy\Desktop\Game Development\MultiplayerSAT\SelfDefense\Library\PackageCache\com.unity.services.core@1.1.0-pre.41\Editor\Core\Telemetry\OperatePackageVersionConfigProvider.cs:20 
   --- End of inner exception stack trace ---
  at (wrapper managed-to-native) System.Reflection.MonoCMethod.InternalInvoke(System.Reflection.MonoCMethod,object,object[],System.Exception&)
  at System.Reflection.MonoCMethod.InternalInvoke (System.Object obj, System.Object[] parameters) [0x00002] in <695d1cc93cca45069c528c15c9fdd749>:0 
   --- End of inner exception stack trace ---
  at System.Reflection.MonoCMethod.InternalInvoke (System.Object obj, System.Object[] parameters) [0x00014] in <695d1cc93cca45069c528c15c9fdd749>:0 
  at System.RuntimeType.CreateInstanceMono (System.Boolean nonPublic) [0x000a8] in <695d1cc93cca45069c528c15c9fdd749>:0 
  at System.RuntimeType.CreateInstanceSlow (System.Boolean publicOnly, System.Boolean skipCheckThis, System.Boolean fillCache, System.Threading.StackCrawlMark& stackMark) [0x00009] in <695d1cc93cca45069c528c15c9fdd749>:0 
  at System.RuntimeType.CreateInstanceDefaultCtor (System.Boolean publicOnly, System.Boolean skipCheckThis, System.Boolean fillCache, System.Threading.StackCrawlMark& stackMark) [0x00027] in <695d1cc93cca45069c528c15c9fdd749>:0 
  at System.Activator.CreateInstance (System.Type type, System.Boolean nonPublic) [0x0002c] in <695d1cc93cca45069c528c15c9fdd749>:0 
  at System.Activator.CreateInstance (System.Type type) [0x00000] in <695d1cc93cca45069c528c15c9fdd749>:0 
  at Unity.Services.Core.Configuration.Editor.ProjectConfigurationBuilder+<>c.<GenerateOrderedConfigurationProviders>b__5_1 (System.Type type) [0x00000] in C:\Users\tommy\Desktop\Game Development\MultiplayerSAT\SelfDefense\Library\PackageCache\com.unity.services.core@1.1.0-pre.41\Editor\Core\Configuration\ProjectConfigurationBuilder.cs:46 
  at System.Linq.Enumerable+WhereSelectEnumerableIterator`2[TSource,TResult].ToArray () [0x0002b] in <351e49e2a5bf4fd6beabb458ce2255f3>:0 
  at System.Linq.Buffer`1[TElement]..ctor (System.Collections.Generic.IEnumerable`1[T] source) [0x0000a] in <351e49e2a5bf4fd6beabb458ce2255f3>:0 
  at System.Linq.OrderedEnumerable`1[TElement].ToArray () [0x00000] in <351e49e2a5bf4fd6beabb458ce2255f3>:0 
  at System.Linq.Enumerable.ToArray[TSource] (System.Collections.Generic.IEnumerable`1[T] source) [0x0001f] in <351e49e2a5bf4fd6beabb458ce2255f3>:0 
  at Unity.Services.Core.Configuration.Editor.ProjectConfigurationBuilder.GenerateOrderedConfigurationProviders () [0x00001] in C:\Users\tommy\Desktop\Game Development\MultiplayerSAT\SelfDefense\Library\PackageCache\com.unity.services.core@1.1.0-pre.41\Editor\Core\Configuration\ProjectConfigurationBuilder.cs:44 
  at Unity.Services.Core.Configuration.Editor.ProjectConfigurationBuilder.CreateEditorInstanceIfNone () [0x00013] in C:\Users\tommy\Desktop\Game Development\MultiplayerSAT\SelfDefense\Library\PackageCache\com.unity.services.core@1.1.0-pre.41\Editor\Core\Configuration\ProjectConfigurationBuilder.cs:38 
  at (wrapper managed-to-native) System.Reflection.MonoMethod.InternalInvoke(System.Reflection.MonoMethod,object,object[],System.Exception&)
  at System.Reflection.MonoMethod.Invoke (System.Object obj, System.Reflection.BindingFlags invokeAttr, System.Reflection.Binder binder, System.Object[] parameters, System.Globalization.CultureInfo culture) [0x00032] in <695d1cc93cca45069c528c15c9fdd749>:0 
   --- End of inner exception stack trace ---
  at System.Reflection.MonoMethod.Invoke (System.Object obj, System.Reflection.BindingFlags invokeAttr, System.Reflection.Binder binder, System.Object[] parameters, System.Globalization.CultureInfo culture) [0x00048] in <695d1cc93cca45069c528c15c9fdd749>:0 
  at System.Reflection.MethodBase.Invoke (System.Object obj, System.Object[] parameters) [0x00000] in <695d1cc93cca45069c528c15c9fdd749>:0 
  at UnityEditor.EditorAssemblies.ProcessInitializeOnLoadMethodAttributes () [0x00047] in <7ac35247888b44f4a7e290f1f6bb33f3>:0 
UnityEngine.StackTraceUtility:ExtractStackTrace ()
UnityEngine.DebugLogHandler:LogFormat (UnityEngine.LogType,UnityEngine.Object,string,object[])
UnityEngine.Logger:Log (UnityEngine.LogType,object)
UnityEngine.Debug:LogError (object)
UnityEditor.EditorAssemblies:ProcessInitializeOnLoadMethodAttributes ()

Mono: successfully reloaded assembly
- Completed reload, in  1.900 seconds
Domain Reload Profiling:
	ReloadAssembly (1901ms)
		BeginReloadAssembly (123ms)
			ExecutionOrderSort (0ms)
			DisableScriptedObjects (4ms)
			BackupInstance (0ms)
			ReleaseScriptingObjects (0ms)
			CreateAndSetChildDomain (16ms)
		EndReloadAssembly (1723ms)
			LoadAssemblies (100ms)
			RebuildTransferFunctionScriptingTraits (0ms)
			SetupTypeCache (316ms)
			ReleaseScriptCaches (1ms)
			RebuildScriptCaches (90ms)
			SetupLoadedEditorAssemblies (1043ms)
				LogAssemblyErrors (0ms)
				InitializePlatformSupportModulesInManaged (8ms)
				SetLoadedEditorAssemblies (0ms)
				RefreshPlugins (81ms)
				BeforeProcessingInitializeOnLoad (131ms)
				ProcessInitializeOnLoadAttributes (790ms)
				ProcessInitializeOnLoadMethodAttributes (27ms)
				AfterProcessingInitializeOnLoad (6ms)
				EditorAssembliesLoaded (0ms)
			ExecutionOrderSort2 (0ms)
			AwakeInstancesAfterBackupRestoration (6ms)
Platform modules already initialized, skipping
========================================================================
Worker process is ready to serve import requests
Launched and connected shader compiler UnityShaderCompiler.exe after 0.04 seconds
Refreshing native plugins compatible for Editor in 0.78 ms, found 3 plugins.
Preloading 0 native plugins for Editor in 0.00 ms.
Unloading 3663 Unused Serialized files (Serialized files now loaded: 0)
System memory in use before: 147.7 MB.
System memory in use after: 148.0 MB.

Unloading 43 unused Assets to reduce memory usage. Loaded Objects now: 4087.
Total: 4.297100 ms (FindLiveObjects: 0.304700 ms CreateObjectMapping: 0.127300 ms MarkObjects: 3.830900 ms  DeleteObjects: 0.033300 ms)

AssetImportParameters requested are different than current active one (requested -> active):
  custom:framework-win-MediaFoundation: 216162199b28c13a410421893ffa2e32 -> 
  custom:video-decoder-ogg-theora: a1e56fd34408186e4bbccfd4996cb3dc -> 
  custom:container-muxer-webm: aa71ff27fc2769a1b78a27578f13a17b -> 
  custom:container-demuxer-webm: 4f35f7cbe854078d1ac9338744f61a02 -> 
  custom:container-demuxer-ogg: 62fdf1f143b41e24485cea50d1cbac27 -> 
  custom:video-encoder-webm-vp8: eb34c28f22e8b96e1ab97ce403110664 -> 
  custom:video-decoder-webm-vp8: 9c59270c3fd7afecdb556c50c9e8de78 -> 
  custom:audio-decoder-ogg-vorbis: bf7c407c2cedff20999df2af8eb42d56 -> 
  custom:audio-encoder-webm-vorbis: bf7c407c2cedff20999df2af8eb42d56 -> 
========================================================================
Received Import Request.
  path: Assets/GameData/Enemies/AngryMonster.asset
  artifactKey: Guid(08c43af5e34f25d4c809591fb79753c9) Importer(815301076,1909f56bfc062723c751e8b465ee728b)
Start importing Assets/GameData/Enemies/AngryMonster.asset using Guid(08c43af5e34f25d4c809591fb79753c9) Importer(815301076,1909f56bfc062723c751e8b465ee728b)  -> (artifact id: '78515819db89b7cee0141b4f922ef00a') in 0.034868 seconds 
  Import took 0.040861 seconds .

========================================================================
Received Import Request.
  Time since last request: 98.090864 seconds.
  path: Assets/GameData/Enemies/SadMonster.asset
  artifactKey: Guid(0d7a7a51f2becd64ba6cf9ee41c3252f) Importer(815301076,1909f56bfc062723c751e8b465ee728b)
Start importing Assets/GameData/Enemies/SadMonster.asset using Guid(0d7a7a51f2becd64ba6cf9ee41c3252f) Importer(815301076,1909f56bfc062723c751e8b465ee728b)  -> (artifact id: '76719b83faa1b35dde28a98a5777fba8') in 0.003114 seconds 
  Import took 0.014755 seconds .

========================================================================
Received Import Request.
  Time since last request: 4.936535 seconds.
  path: Assets/GameData/Enemies/VeryBoredMonster.asset
  artifactKey: Guid(a4c7678cfbe8ab142b5e90efb10f7840) Importer(815301076,1909f56bfc062723c751e8b465ee728b)
Start importing Assets/GameData/Enemies/VeryBoredMonster.asset using Guid(a4c7678cfbe8ab142b5e90efb10f7840) Importer(815301076,1909f56bfc062723c751e8b465ee728b)  -> (artifact id: 'a25f99826bbcdd6b1592a2dca9ef6028') in 0.002989 seconds 
  Import took 0.014161 seconds .

========================================================================
Received Prepare
Refreshing native plugins compatible for Editor in 8.16 ms, found 3 plugins.
Preloading 0 native plugins for Editor in 0.00 ms.
Unloading 31 Unused Serialized files (Serialized files now loaded: 0)
System memory in use before: 74.5 MB.
System memory in use after: 74.8 MB.

Unloading 31 unused Assets to reduce memory usage. Loaded Objects now: 4087.
Total: 43.353600 ms (FindLiveObjects: 0.478500 ms CreateObjectMapping: 0.181700 ms MarkObjects: 42.647200 ms  DeleteObjects: 0.044800 ms)

AssetImportParameters requested are different than current active one (requested -> active):
  custom:framework-win-MediaFoundation: 216162199b28c13a410421893ffa2e32 -> 
  custom:video-decoder-ogg-theora: a1e56fd34408186e4bbccfd4996cb3dc -> 
  custom:container-muxer-webm: aa71ff27fc2769a1b78a27578f13a17b -> 
  custom:container-demuxer-webm: 4f35f7cbe854078d1ac9338744f61a02 -> 
  custom:container-demuxer-ogg: 62fdf1f143b41e24485cea50d1cbac27 -> 
  custom:video-encoder-webm-vp8: eb34c28f22e8b96e1ab97ce403110664 -> 
  custom:video-decoder-webm-vp8: 9c59270c3fd7afecdb556c50c9e8de78 -> 
  custom:audio-decoder-ogg-vorbis: bf7c407c2cedff20999df2af8eb42d56 -> 
  custom:audio-encoder-webm-vorbis: bf7c407c2cedff20999df2af8eb42d56 -> 
========================================================================
Received Prepare
Refreshing native plugins compatible for Editor in 9.03 ms, found 3 plugins.
Preloading 0 native plugins for Editor in 0.00 ms.
Unloading 31 Unused Serialized files (Serialized files now loaded: 0)
System memory in use before: 74.5 MB.
System memory in use after: 74.8 MB.

Unloading 31 unused Assets to reduce memory usage. Loaded Objects now: 4087.
Total: 5.655200 ms (FindLiveObjects: 0.295900 ms CreateObjectMapping: 0.181800 ms MarkObjects: 5.143000 ms  DeleteObjects: 0.032900 ms)

AssetImportParameters requested are different than current active one (requested -> active):
  custom:framework-win-MediaFoundation: 216162199b28c13a410421893ffa2e32 -> 
  custom:video-decoder-ogg-theora: a1e56fd34408186e4bbccfd4996cb3dc -> 
  custom:container-muxer-webm: aa71ff27fc2769a1b78a27578f13a17b -> 
  custom:container-demuxer-webm: 4f35f7cbe854078d1ac9338744f61a02 -> 
  custom:container-demuxer-ogg: 62fdf1f143b41e24485cea50d1cbac27 -> 
  custom:video-encoder-webm-vp8: eb34c28f22e8b96e1ab97ce403110664 -> 
  custom:video-decoder-webm-vp8: 9c59270c3fd7afecdb556c50c9e8de78 -> 
  custom:audio-decoder-ogg-vorbis: bf7c407c2cedff20999df2af8eb42d56 -> 
  custom:audio-encoder-webm-vorbis: bf7c407c2cedff20999df2af8eb42d56 -> 
AssetImportWorkerClient::OnTransportError - code=2 error=End of file
