Using pre-set license
Built from '2020.3/staging' branch; Version is '2020.3.25f1 (9b9180224418) revision 10195328'; Using compiler version '192528614'; Build Type 'Release'
OS: 'Windows 10  (10.0.19043) 64bit Core' Language: 'en' Physical Memory: 16198 MB
BatchMode: 1, IsHumanControllingUs: 0, StartBugReporterOnCrash: 0, Is64bit: 1, IsPro: 0

COMMAND LINE ARGUMENTS:
C:\Program Files\Unity\Hub\Editor\2020.3.25f1\Editor\Unity.exe
-adb2
-batchMode
-noUpm
-name
AssetImportWorker0
-projectPath
C:/Users/tommy/Desktop/Game Development/MultiplayerSAT/SelfDefense
-logFile
Logs/AssetImportWorker0.log
-srvPort
53518
Successfully changed project path to: C:/Users/tommy/Desktop/Game Development/MultiplayerSAT/SelfDefense
C:/Users/tommy/Desktop/Game Development/MultiplayerSAT/SelfDefense
Using Asset Import Pipeline V2.
Refreshing native plugins compatible for Editor in 123.92 ms, found 3 plugins.
Preloading 0 native plugins for Editor in 0.00 ms.
Initialize engine version: 2020.3.25f1 (9b9180224418)
[Subsystems] Discovering subsystems at path C:/Program Files/Unity/Hub/Editor/2020.3.25f1/Editor/Data/Resources/UnitySubsystems
[Subsystems] Discovering subsystems at path C:/Users/tommy/Desktop/Game Development/MultiplayerSAT/SelfDefense/Assets
GfxDevice: creating device client; threaded=0
Direct3D:
    Version:  Direct3D 11.0 [level 11.1]
    Renderer: NVIDIA GeForce GTX 1050 with Max-Q Design (ID=0x1c8d)
    Vendor:   
    VRAM:     1979 MB
    Driver:   30.0.15.1169
Initialize mono
Mono path[0] = 'C:/Program Files/Unity/Hub/Editor/2020.3.25f1/Editor/Data/Managed'
Mono path[1] = 'C:/Program Files/Unity/Hub/Editor/2020.3.25f1/Editor/Data/MonoBleedingEdge/lib/mono/unityjit'
Mono config path = 'C:/Program Files/Unity/Hub/Editor/2020.3.25f1/Editor/Data/MonoBleedingEdge/etc'
Using monoOptions --debugger-agent=transport=dt_socket,embedding=1,server=y,suspend=n,address=127.0.0.1:56636
Begin MonoManager ReloadAssembly
Registering precompiled unity dll's ...
Register platform support module: C:/Program Files/Unity/Hub/Editor/2020.3.25f1/Editor/Data/PlaybackEngines/WebGLSupport/UnityEditor.WebGL.Extensions.dll
Register platform support module: C:/Program Files/Unity/Hub/Editor/2020.3.25f1/Editor/Data/PlaybackEngines/MacStandaloneSupport/UnityEditor.OSXStandalone.Extensions.dll
Register platform support module: C:/Program Files/Unity/Hub/Editor/2020.3.25f1/Editor/Data/PlaybackEngines/WindowsStandaloneSupport/UnityEditor.WindowsStandalone.Extensions.dll
Registered in 0.003876 seconds.
Native extension for WindowsStandalone target not found
Native extension for OSXStandalone target not found
Native extension for WebGL target not found
Refreshing native plugins compatible for Editor in 104.56 ms, found 3 plugins.
Preloading 0 native plugins for Editor in 0.00 ms.
Mono: successfully reloaded assembly
- Completed reload, in  0.870 seconds
Domain Reload Profiling:
	ReloadAssembly (871ms)
		BeginReloadAssembly (88ms)
			ExecutionOrderSort (0ms)
			DisableScriptedObjects (0ms)
			BackupInstance (0ms)
			ReleaseScriptingObjects (0ms)
			CreateAndSetChildDomain (1ms)
		EndReloadAssembly (678ms)
			LoadAssemblies (84ms)
			RebuildTransferFunctionScriptingTraits (0ms)
			SetupTypeCache (207ms)
			ReleaseScriptCaches (0ms)
			RebuildScriptCaches (45ms)
			SetupLoadedEditorAssemblies (286ms)
				LogAssemblyErrors (0ms)
				InitializePlatformSupportModulesInManaged (9ms)
				SetLoadedEditorAssemblies (1ms)
				RefreshPlugins (105ms)
				BeforeProcessingInitializeOnLoad (17ms)
				ProcessInitializeOnLoadAttributes (115ms)
				ProcessInitializeOnLoadMethodAttributes (39ms)
				AfterProcessingInitializeOnLoad (0ms)
				EditorAssembliesLoaded (0ms)
			ExecutionOrderSort2 (0ms)
			AwakeInstancesAfterBackupRestoration (0ms)
Platform modules already initialized, skipping
Registering precompiled user dll's ...
Registered in 0.016160 seconds.
Begin MonoManager ReloadAssembly
Native extension for WindowsStandalone target not found
Native extension for OSXStandalone target not found
Native extension for WebGL target not found
Refreshing native plugins compatible for Editor in 101.34 ms, found 3 plugins.
Preloading 0 native plugins for Editor in 0.00 ms.
System.NullReferenceException: Object reference not set to an instance of an object
  at Unity.Services.Core.Editor.PackageConfig..ctor (UnityEditor.PackageManager.PackageInfo packageInfo) [0x00001] in C:\Users\tommy\Desktop\Game Development\MultiplayerSAT\SelfDefense\Library\PackageCache\com.unity.services.core@1.1.0-pre.41\Editor\Core\Telemetry\PackageConfig.cs:15 
  at Unity.Services.Core.Editor.OperatePackageVersionConfigProvider.<FindAllOperatePackageInProject>g__GetPackageConfigFrom|7_0 (System.Type type) [0x0000d] in C:\Users\tommy\Desktop\Game Development\MultiplayerSAT\SelfDefense\Library\PackageCache\com.unity.services.core@1.1.0-pre.41\Editor\Core\Telemetry\OperatePackageVersionConfigProvider.cs:50 
  at (wrapper delegate-invoke) System.Func`2[System.Type,Unity.Services.Core.Editor.PackageConfig].invoke_TResult_T(System.Type)
  at System.Linq.Enumerable+SelectIListIterator`2[TSource,TResult].MoveNext () [0x00048] in <351e49e2a5bf4fd6beabb458ce2255f3>:0 
  at System.Linq.Set`1[TElement].UnionWith (System.Collections.Generic.IEnumerable`1[T] other) [0x00018] in <351e49e2a5bf4fd6beabb458ce2255f3>:0 
  at System.Linq.Enumerable+DistinctIterator`1[TSource].FillSet () [0x0000b] in <351e49e2a5bf4fd6beabb458ce2255f3>:0 
  at System.Linq.Enumerable+DistinctIterator`1[TSource].ToList () [0x00000] in <351e49e2a5bf4fd6beabb458ce2255f3>:0 
  at System.Linq.Enumerable.ToList[TSource] (System.Collections.Generic.IEnumerable`1[T] source) [0x0001f] in <351e49e2a5bf4fd6beabb458ce2255f3>:0 
  at Unity.Services.Core.Editor.OperatePackageVersionConfigProvider.FindAllOperatePackageInProject () [0x00001] in C:\Users\tommy\Desktop\Game Development\MultiplayerSAT\SelfDefense\Library\PackageCache\com.unity.services.core@1.1.0-pre.41\Editor\Core\Telemetry\OperatePackageVersionConfigProvider.cs:41 
  at Unity.Services.Core.Editor.OperatePackageVersionConfigProvider..cctor () [0x00001] in C:\Users\tommy\Desktop\Game Development\MultiplayerSAT\SelfDefense\Library\PackageCache\com.unity.services.core@1.1.0-pre.41\Editor\Core\Telemetry\OperatePackageVersionConfigProvider.cs:20 
UnityEngine.StackTraceUtility:ExtractStackTrace ()
UnityEngine.DebugLogHandler:LogFormat (UnityEngine.LogType,UnityEngine.Object,string,object[])
UnityEngine.Logger:Log (UnityEngine.LogType,object)
UnityEngine.Debug:LogError (object)
UnityEditor.EditorAssemblies:ProcessInitializeOnLoadAttributes (System.Type[])

System.Reflection.TargetInvocationException: Exception has been thrown by the target of an invocation. ---> System.Reflection.TargetInvocationException: Exception has been thrown by the target of an invocation. ---> System.TypeInitializationException: The type initializer for 'Unity.Services.Core.Editor.OperatePackageVersionConfigProvider' threw an exception. ---> System.NullReferenceException: Object reference not set to an instance of an object
  at Unity.Services.Core.Editor.PackageConfig..ctor (UnityEditor.PackageManager.PackageInfo packageInfo) [0x00001] in C:\Users\tommy\Desktop\Game Development\MultiplayerSAT\SelfDefense\Library\PackageCache\com.unity.services.core@1.1.0-pre.41\Editor\Core\Telemetry\PackageConfig.cs:15 
  at Unity.Services.Core.Editor.OperatePackageVersionConfigProvider.<FindAllOperatePackageInProject>g__GetPackageConfigFrom|7_0 (System.Type type) [0x0000d] in C:\Users\tommy\Desktop\Game Development\MultiplayerSAT\SelfDefense\Library\PackageCache\com.unity.services.core@1.1.0-pre.41\Editor\Core\Telemetry\OperatePackageVersionConfigProvider.cs:50 
  at (wrapper delegate-invoke) System.Func`2[System.Type,Unity.Services.Core.Editor.PackageConfig].invoke_TResult_T(System.Type)
  at System.Linq.Enumerable+SelectIListIterator`2[TSource,TResult].MoveNext () [0x00048] in <351e49e2a5bf4fd6beabb458ce2255f3>:0 
  at System.Linq.Set`1[TElement].UnionWith (System.Collections.Generic.IEnumerable`1[T] other) [0x00018] in <351e49e2a5bf4fd6beabb458ce2255f3>:0 
  at System.Linq.Enumerable+DistinctIterator`1[TSource].FillSet () [0x0000b] in <351e49e2a5bf4fd6beabb458ce2255f3>:0 
  at System.Linq.Enumerable+DistinctIterator`1[TSource].ToList () [0x00000] in <351e49e2a5bf4fd6beabb458ce2255f3>:0 
  at System.Linq.Enumerable.ToList[TSource] (System.Collections.Generic.IEnumerable`1[T] source) [0x0001f] in <351e49e2a5bf4fd6beabb458ce2255f3>:0 
  at Unity.Services.Core.Editor.OperatePackageVersionConfigProvider.FindAllOperatePackageInProject () [0x00001] in C:\Users\tommy\Desktop\Game Development\MultiplayerSAT\SelfDefense\Library\PackageCache\com.unity.services.core@1.1.0-pre.41\Editor\Core\Telemetry\OperatePackageVersionConfigProvider.cs:41 
  at Unity.Services.Core.Editor.OperatePackageVersionConfigProvider..cctor () [0x00001] in C:\Users\tommy\Desktop\Game Development\MultiplayerSAT\SelfDefense\Library\PackageCache\com.unity.services.core@1.1.0-pre.41\Editor\Core\Telemetry\OperatePackageVersionConfigProvider.cs:20 
   --- End of inner exception stack trace ---
  at (wrapper managed-to-native) System.Reflection.MonoCMethod.InternalInvoke(System.Reflection.MonoCMethod,object,object[],System.Exception&)
  at System.Reflection.MonoCMethod.InternalInvoke (System.Object obj, System.Object[] parameters) [0x00002] in <695d1cc93cca45069c528c15c9fdd749>:0 
   --- End of inner exception stack trace ---
  at System.Reflection.MonoCMethod.InternalInvoke (System.Object obj, System.Object[] parameters) [0x00014] in <695d1cc93cca45069c528c15c9fdd749>:0 
  at System.RuntimeType.CreateInstanceMono (System.Boolean nonPublic) [0x000a8] in <695d1cc93cca45069c528c15c9fdd749>:0 
  at System.RuntimeType.CreateInstanceSlow (System.Boolean publicOnly, System.Boolean skipCheckThis, System.Boolean fillCache, System.Threading.StackCrawlMark& stackMark) [0x00009] in <695d1cc93cca45069c528c15c9fdd749>:0 
  at System.RuntimeType.CreateInstanceDefaultCtor (System.Boolean publicOnly, System.Boolean skipCheckThis, System.Boolean fillCache, System.Threading.StackCrawlMark& stackMark) [0x00027] in <695d1cc93cca45069c528c15c9fdd749>:0 
  at System.Activator.CreateInstance (System.Type type, System.Boolean nonPublic) [0x0002c] in <695d1cc93cca45069c528c15c9fdd749>:0 
  at System.Activator.CreateInstance (System.Type type) [0x00000] in <695d1cc93cca45069c528c15c9fdd749>:0 
  at Unity.Services.Core.Configuration.Editor.ProjectConfigurationBuilder+<>c.<GenerateOrderedConfigurationProviders>b__5_1 (System.Type type) [0x00000] in C:\Users\tommy\Desktop\Game Development\MultiplayerSAT\SelfDefense\Library\PackageCache\com.unity.services.core@1.1.0-pre.41\Editor\Core\Configuration\ProjectConfigurationBuilder.cs:46 
  at System.Linq.Enumerable+WhereSelectEnumerableIterator`2[TSource,TResult].ToArray () [0x0002b] in <351e49e2a5bf4fd6beabb458ce2255f3>:0 
  at System.Linq.Buffer`1[TElement]..ctor (System.Collections.Generic.IEnumerable`1[T] source) [0x0000a] in <351e49e2a5bf4fd6beabb458ce2255f3>:0 
  at System.Linq.OrderedEnumerable`1[TElement].ToArray () [0x00000] in <351e49e2a5bf4fd6beabb458ce2255f3>:0 
  at System.Linq.Enumerable.ToArray[TSource] (System.Collections.Generic.IEnumerable`1[T] source) [0x0001f] in <351e49e2a5bf4fd6beabb458ce2255f3>:0 
  at Unity.Services.Core.Configuration.Editor.ProjectConfigurationBuilder.GenerateOrderedConfigurationProviders () [0x00001] in C:\Users\tommy\Desktop\Game Development\MultiplayerSAT\SelfDefense\Library\PackageCache\com.unity.services.core@1.1.0-pre.41\Editor\Core\Configuration\ProjectConfigurationBuilder.cs:44 
  at Unity.Services.Core.Configuration.Editor.ProjectConfigurationBuilder.CreateEditorInstanceIfNone () [0x00013] in C:\Users\tommy\Desktop\Game Development\MultiplayerSAT\SelfDefense\Library\PackageCache\com.unity.services.core@1.1.0-pre.41\Editor\Core\Configuration\ProjectConfigurationBuilder.cs:38 
  at (wrapper managed-to-native) System.Reflection.MonoMethod.InternalInvoke(System.Reflection.MonoMethod,object,object[],System.Exception&)
  at System.Reflection.MonoMethod.Invoke (System.Object obj, System.Reflection.BindingFlags invokeAttr, System.Reflection.Binder binder, System.Object[] parameters, System.Globalization.CultureInfo culture) [0x00032] in <695d1cc93cca45069c528c15c9fdd749>:0 
   --- End of inner exception stack trace ---
  at System.Reflection.MonoMethod.Invoke (System.Object obj, System.Reflection.BindingFlags invokeAttr, System.Reflection.Binder binder, System.Object[] parameters, System.Globalization.CultureInfo culture) [0x00048] in <695d1cc93cca45069c528c15c9fdd749>:0 
  at System.Reflection.MethodBase.Invoke (System.Object obj, System.Object[] parameters) [0x00000] in <695d1cc93cca45069c528c15c9fdd749>:0 
  at UnityEditor.EditorAssemblies.ProcessInitializeOnLoadMethodAttributes () [0x00047] in <7ac35247888b44f4a7e290f1f6bb33f3>:0 
UnityEngine.StackTraceUtility:ExtractStackTrace ()
UnityEngine.DebugLogHandler:LogFormat (UnityEngine.LogType,UnityEngine.Object,string,object[])
UnityEngine.Logger:Log (UnityEngine.LogType,object)
UnityEngine.Debug:LogError (object)
UnityEditor.EditorAssemblies:ProcessInitializeOnLoadMethodAttributes ()

Mono: successfully reloaded assembly
- Completed reload, in  3.170 seconds
Domain Reload Profiling:
	ReloadAssembly (3172ms)
		BeginReloadAssembly (262ms)
			ExecutionOrderSort (0ms)
			DisableScriptedObjects (8ms)
			BackupInstance (0ms)
			ReleaseScriptingObjects (0ms)
			CreateAndSetChildDomain (31ms)
		EndReloadAssembly (2781ms)
			LoadAssemblies (219ms)
			RebuildTransferFunctionScriptingTraits (0ms)
			SetupTypeCache (563ms)
			ReleaseScriptCaches (1ms)
			RebuildScriptCaches (99ms)
			SetupLoadedEditorAssemblies (1726ms)
				LogAssemblyErrors (0ms)
				InitializePlatformSupportModulesInManaged (8ms)
				SetLoadedEditorAssemblies (0ms)
				RefreshPlugins (102ms)
				BeforeProcessingInitializeOnLoad (198ms)
				ProcessInitializeOnLoadAttributes (1364ms)
				ProcessInitializeOnLoadMethodAttributes (42ms)
				AfterProcessingInitializeOnLoad (11ms)
				EditorAssembliesLoaded (1ms)
			ExecutionOrderSort2 (0ms)
			AwakeInstancesAfterBackupRestoration (10ms)
Platform modules already initialized, skipping
========================================================================
Worker process is ready to serve import requests
Launched and connected shader compiler UnityShaderCompiler.exe after 0.06 seconds
Refreshing native plugins compatible for Editor in 0.96 ms, found 3 plugins.
Preloading 0 native plugins for Editor in 0.00 ms.
Unloading 3663 Unused Serialized files (Serialized files now loaded: 0)
System memory in use before: 147.7 MB.
System memory in use after: 148.0 MB.

Unloading 43 unused Assets to reduce memory usage. Loaded Objects now: 4087.
Total: 5.540400 ms (FindLiveObjects: 0.399400 ms CreateObjectMapping: 0.237500 ms MarkObjects: 4.831000 ms  DeleteObjects: 0.070300 ms)

AssetImportParameters requested are different than current active one (requested -> active):
  custom:framework-win-MediaFoundation: 216162199b28c13a410421893ffa2e32 -> 
  custom:video-decoder-ogg-theora: a1e56fd34408186e4bbccfd4996cb3dc -> 
  custom:container-muxer-webm: aa71ff27fc2769a1b78a27578f13a17b -> 
  custom:container-demuxer-webm: 4f35f7cbe854078d1ac9338744f61a02 -> 
  custom:container-demuxer-ogg: 62fdf1f143b41e24485cea50d1cbac27 -> 
  custom:video-encoder-webm-vp8: eb34c28f22e8b96e1ab97ce403110664 -> 
  custom:video-decoder-webm-vp8: 9c59270c3fd7afecdb556c50c9e8de78 -> 
  custom:audio-decoder-ogg-vorbis: bf7c407c2cedff20999df2af8eb42d56 -> 
  custom:audio-encoder-webm-vorbis: bf7c407c2cedff20999df2af8eb42d56 -> 
========================================================================
Received Import Request.
  path: Assets/Cyberpunk Characters
  artifactKey: Guid(04396ee1eada87746b4331c387d22a02) Importer(815301076,1909f56bfc062723c751e8b465ee728b)
Start importing Assets/Cyberpunk Characters using Guid(04396ee1eada87746b4331c387d22a02) Importer(815301076,1909f56bfc062723c751e8b465ee728b)  -> (artifact id: 'e996c0dbb6c52e9d1aecbd53dfe66aa0') in 0.006933 seconds 
  Import took 0.014380 seconds .

========================================================================
Received Import Request.
  Time since last request: 0.000792 seconds.
  path: Assets/GameData/Characters/PlayableCharacters.asset
  artifactKey: Guid(e5fe97b34fda79f4ca1427e744171d5d) Importer(815301076,1909f56bfc062723c751e8b465ee728b)
Start importing Assets/GameData/Characters/PlayableCharacters.asset using Guid(e5fe97b34fda79f4ca1427e744171d5d) Importer(815301076,1909f56bfc062723c751e8b465ee728b)  -> (artifact id: '8f57c684a0b40c1666381d970097755d') in 0.062564 seconds 
  Import took 0.069651 seconds .

========================================================================
Received Prepare
Refreshing native plugins compatible for Editor in 10.20 ms, found 3 plugins.
Preloading 0 native plugins for Editor in 0.00 ms.
Unloading 31 Unused Serialized files (Serialized files now loaded: 0)
System memory in use before: 74.5 MB.
System memory in use after: 74.7 MB.

Unloading 31 unused Assets to reduce memory usage. Loaded Objects now: 4087.
Total: 5.585400 ms (FindLiveObjects: 0.377200 ms CreateObjectMapping: 0.291700 ms MarkObjects: 4.877900 ms  DeleteObjects: 0.036900 ms)

AssetImportParameters requested are different than current active one (requested -> active):
  custom:framework-win-MediaFoundation: 216162199b28c13a410421893ffa2e32 -> 
  custom:video-decoder-ogg-theora: a1e56fd34408186e4bbccfd4996cb3dc -> 
  custom:container-muxer-webm: aa71ff27fc2769a1b78a27578f13a17b -> 
  custom:container-demuxer-webm: 4f35f7cbe854078d1ac9338744f61a02 -> 
  custom:container-demuxer-ogg: 62fdf1f143b41e24485cea50d1cbac27 -> 
  custom:video-encoder-webm-vp8: eb34c28f22e8b96e1ab97ce403110664 -> 
  custom:video-decoder-webm-vp8: 9c59270c3fd7afecdb556c50c9e8de78 -> 
  custom:audio-decoder-ogg-vorbis: bf7c407c2cedff20999df2af8eb42d56 -> 
  custom:audio-encoder-webm-vorbis: bf7c407c2cedff20999df2af8eb42d56 -> 
========================================================================
Received Prepare
Registering precompiled user dll's ...
Registered in 0.030587 seconds.
Begin MonoManager ReloadAssembly
Native extension for WindowsStandalone target not found
Native extension for OSXStandalone target not found
Native extension for WebGL target not found
Refreshing native plugins compatible for Editor in 1.95 ms, found 3 plugins.
Preloading 0 native plugins for Editor in 0.00 ms.
System.NullReferenceException: Object reference not set to an instance of an object
  at Unity.Services.Core.Editor.PackageConfig..ctor (UnityEditor.PackageManager.PackageInfo packageInfo) [0x00001] in C:\Users\tommy\Desktop\Game Development\MultiplayerSAT\SelfDefense\Library\PackageCache\com.unity.services.core@1.1.0-pre.41\Editor\Core\Telemetry\PackageConfig.cs:15 
  at Unity.Services.Core.Editor.OperatePackageVersionConfigProvider.<FindAllOperatePackageInProject>g__GetPackageConfigFrom|7_0 (System.Type type) [0x0000d] in C:\Users\tommy\Desktop\Game Development\MultiplayerSAT\SelfDefense\Library\PackageCache\com.unity.services.core@1.1.0-pre.41\Editor\Core\Telemetry\OperatePackageVersionConfigProvider.cs:50 
  at (wrapper delegate-invoke) System.Func`2[System.Type,Unity.Services.Core.Editor.PackageConfig].invoke_TResult_T(System.Type)
  at System.Linq.Enumerable+SelectIListIterator`2[TSource,TResult].MoveNext () [0x00048] in <351e49e2a5bf4fd6beabb458ce2255f3>:0 
  at System.Linq.Set`1[TElement].UnionWith (System.Collections.Generic.IEnumerable`1[T] other) [0x00018] in <351e49e2a5bf4fd6beabb458ce2255f3>:0 
  at System.Linq.Enumerable+DistinctIterator`1[TSource].FillSet () [0x0000b] in <351e49e2a5bf4fd6beabb458ce2255f3>:0 
  at System.Linq.Enumerable+DistinctIterator`1[TSource].ToList () [0x00000] in <351e49e2a5bf4fd6beabb458ce2255f3>:0 
  at System.Linq.Enumerable.ToList[TSource] (System.Collections.Generic.IEnumerable`1[T] source) [0x0001f] in <351e49e2a5bf4fd6beabb458ce2255f3>:0 
  at Unity.Services.Core.Editor.OperatePackageVersionConfigProvider.FindAllOperatePackageInProject () [0x00001] in C:\Users\tommy\Desktop\Game Development\MultiplayerSAT\SelfDefense\Library\PackageCache\com.unity.services.core@1.1.0-pre.41\Editor\Core\Telemetry\OperatePackageVersionConfigProvider.cs:41 
  at Unity.Services.Core.Editor.OperatePackageVersionConfigProvider..cctor () [0x00001] in C:\Users\tommy\Desktop\Game Development\MultiplayerSAT\SelfDefense\Library\PackageCache\com.unity.services.core@1.1.0-pre.41\Editor\Core\Telemetry\OperatePackageVersionConfigProvider.cs:20 
UnityEngine.StackTraceUtility:ExtractStackTrace ()
UnityEngine.DebugLogHandler:LogFormat (UnityEngine.LogType,UnityEngine.Object,string,object[])
UnityEngine.Logger:Log (UnityEngine.LogType,object)
UnityEngine.Debug:LogError (object)
UnityEditor.EditorAssemblies:ProcessInitializeOnLoadAttributes (System.Type[])

System.Reflection.TargetInvocationException: Exception has been thrown by the target of an invocation. ---> System.Reflection.TargetInvocationException: Exception has been thrown by the target of an invocation. ---> System.TypeInitializationException: The type initializer for 'Unity.Services.Core.Editor.OperatePackageVersionConfigProvider' threw an exception. ---> System.NullReferenceException: Object reference not set to an instance of an object
  at Unity.Services.Core.Editor.PackageConfig..ctor (UnityEditor.PackageManager.PackageInfo packageInfo) [0x00001] in C:\Users\tommy\Desktop\Game Development\MultiplayerSAT\SelfDefense\Library\PackageCache\com.unity.services.core@1.1.0-pre.41\Editor\Core\Telemetry\PackageConfig.cs:15 
  at Unity.Services.Core.Editor.OperatePackageVersionConfigProvider.<FindAllOperatePackageInProject>g__GetPackageConfigFrom|7_0 (System.Type type) [0x0000d] in C:\Users\tommy\Desktop\Game Development\MultiplayerSAT\SelfDefense\Library\PackageCache\com.unity.services.core@1.1.0-pre.41\Editor\Core\Telemetry\OperatePackageVersionConfigProvider.cs:50 
  at (wrapper delegate-invoke) System.Func`2[System.Type,Unity.Services.Core.Editor.PackageConfig].invoke_TResult_T(System.Type)
  at System.Linq.Enumerable+SelectIListIterator`2[TSource,TResult].MoveNext () [0x00048] in <351e49e2a5bf4fd6beabb458ce2255f3>:0 
  at System.Linq.Set`1[TElement].UnionWith (System.Collections.Generic.IEnumerable`1[T] other) [0x00018] in <351e49e2a5bf4fd6beabb458ce2255f3>:0 
  at System.Linq.Enumerable+DistinctIterator`1[TSource].FillSet () [0x0000b] in <351e49e2a5bf4fd6beabb458ce2255f3>:0 
  at System.Linq.Enumerable+DistinctIterator`1[TSource].ToList () [0x00000] in <351e49e2a5bf4fd6beabb458ce2255f3>:0 
  at System.Linq.Enumerable.ToList[TSource] (System.Collections.Generic.IEnumerable`1[T] source) [0x0001f] in <351e49e2a5bf4fd6beabb458ce2255f3>:0 
  at Unity.Services.Core.Editor.OperatePackageVersionConfigProvider.FindAllOperatePackageInProject () [0x00001] in C:\Users\tommy\Desktop\Game Development\MultiplayerSAT\SelfDefense\Library\PackageCache\com.unity.services.core@1.1.0-pre.41\Editor\Core\Telemetry\OperatePackageVersionConfigProvider.cs:41 
  at Unity.Services.Core.Editor.OperatePackageVersionConfigProvider..cctor () [0x00001] in C:\Users\tommy\Desktop\Game Development\MultiplayerSAT\SelfDefense\Library\PackageCache\com.unity.services.core@1.1.0-pre.41\Editor\Core\Telemetry\OperatePackageVersionConfigProvider.cs:20 
   --- End of inner exception stack trace ---
  at (wrapper managed-to-native) System.Reflection.MonoCMethod.InternalInvoke(System.Reflection.MonoCMethod,object,object[],System.Exception&)
  at System.Reflection.MonoCMethod.InternalInvoke (System.Object obj, System.Object[] parameters) [0x00002] in <695d1cc93cca45069c528c15c9fdd749>:0 
   --- End of inner exception stack trace ---
  at System.Reflection.MonoCMethod.InternalInvoke (System.Object obj, System.Object[] parameters) [0x00014] in <695d1cc93cca45069c528c15c9fdd749>:0 
  at System.RuntimeType.CreateInstanceMono (System.Boolean nonPublic) [0x000a8] in <695d1cc93cca45069c528c15c9fdd749>:0 
  at System.RuntimeType.CreateInstanceSlow (System.Boolean publicOnly, System.Boolean skipCheckThis, System.Boolean fillCache, System.Threading.StackCrawlMark& stackMark) [0x00009] in <695d1cc93cca45069c528c15c9fdd749>:0 
  at System.RuntimeType.CreateInstanceDefaultCtor (System.Boolean publicOnly, System.Boolean skipCheckThis, System.Boolean fillCache, System.Threading.StackCrawlMark& stackMark) [0x00027] in <695d1cc93cca45069c528c15c9fdd749>:0 
  at System.Activator.CreateInstance (System.Type type, System.Boolean nonPublic) [0x0002c] in <695d1cc93cca45069c528c15c9fdd749>:0 
  at System.Activator.CreateInstance (System.Type type) [0x00000] in <695d1cc93cca45069c528c15c9fdd749>:0 
  at Unity.Services.Core.Configuration.Editor.ProjectConfigurationBuilder+<>c.<GenerateOrderedConfigurationProviders>b__5_1 (System.Type type) [0x00000] in C:\Users\tommy\Desktop\Game Development\MultiplayerSAT\SelfDefense\Library\PackageCache\com.unity.services.core@1.1.0-pre.41\Editor\Core\Configuration\ProjectConfigurationBuilder.cs:46 
  at System.Linq.Enumerable+WhereSelectEnumerableIterator`2[TSource,TResult].ToArray () [0x0002b] in <351e49e2a5bf4fd6beabb458ce2255f3>:0 
  at System.Linq.Buffer`1[TElement]..ctor (System.Collections.Generic.IEnumerable`1[T] source) [0x0000a] in <351e49e2a5bf4fd6beabb458ce2255f3>:0 
  at System.Linq.OrderedEnumerable`1[TElement].ToArray () [0x00000] in <351e49e2a5bf4fd6beabb458ce2255f3>:0 
  at System.Linq.Enumerable.ToArray[TSource] (System.Collections.Generic.IEnumerable`1[T] source) [0x0001f] in <351e49e2a5bf4fd6beabb458ce2255f3>:0 
  at Unity.Services.Core.Configuration.Editor.ProjectConfigurationBuilder.GenerateOrderedConfigurationProviders () [0x00001] in C:\Users\tommy\Desktop\Game Development\MultiplayerSAT\SelfDefense\Library\PackageCache\com.unity.services.core@1.1.0-pre.41\Editor\Core\Configuration\ProjectConfigurationBuilder.cs:44 
  at Unity.Services.Core.Configuration.Editor.ProjectConfigurationBuilder.CreateEditorInstanceIfNone () [0x00013] in C:\Users\tommy\Desktop\Game Development\MultiplayerSAT\SelfDefense\Library\PackageCache\com.unity.services.core@1.1.0-pre.41\Editor\Core\Configuration\ProjectConfigurationBuilder.cs:38 
  at (wrapper managed-to-native) System.Reflection.MonoMethod.InternalInvoke(System.Reflection.MonoMethod,object,object[],System.Exception&)
  at System.Reflection.MonoMethod.Invoke (System.Object obj, System.Reflection.BindingFlags invokeAttr, System.Reflection.Binder binder, System.Object[] parameters, System.Globalization.CultureInfo culture) [0x00032] in <695d1cc93cca45069c528c15c9fdd749>:0 
   --- End of inner exception stack trace ---
  at System.Reflection.MonoMethod.Invoke (System.Object obj, System.Reflection.BindingFlags invokeAttr, System.Reflection.Binder binder, System.Object[] parameters, System.Globalization.CultureInfo culture) [0x00048] in <695d1cc93cca45069c528c15c9fdd749>:0 
  at System.Reflection.MethodBase.Invoke (System.Object obj, System.Object[] parameters) [0x00000] in <695d1cc93cca45069c528c15c9fdd749>:0 
  at UnityEditor.EditorAssemblies.ProcessInitializeOnLoadMethodAttributes () [0x00047] in <7ac35247888b44f4a7e290f1f6bb33f3>:0 
UnityEngine.StackTraceUtility:ExtractStackTrace ()
UnityEngine.DebugLogHandler:LogFormat (UnityEngine.LogType,UnityEngine.Object,string,object[])
UnityEngine.Logger:Log (UnityEngine.LogType,object)
UnityEngine.Debug:LogError (object)
UnityEditor.EditorAssemblies:ProcessInitializeOnLoadMethodAttributes ()

Mono: successfully reloaded assembly
- Completed reload, in  3.131 seconds
Domain Reload Profiling:
	ReloadAssembly (3131ms)
		BeginReloadAssembly (262ms)
			ExecutionOrderSort (0ms)
			DisableScriptedObjects (15ms)
			BackupInstance (0ms)
			ReleaseScriptingObjects (0ms)
			CreateAndSetChildDomain (92ms)
		EndReloadAssembly (2731ms)
			LoadAssemblies (236ms)
			RebuildTransferFunctionScriptingTraits (0ms)
			SetupTypeCache (794ms)
			ReleaseScriptCaches (2ms)
			RebuildScriptCaches (126ms)
			SetupLoadedEditorAssemblies (1356ms)
				LogAssemblyErrors (0ms)
				InitializePlatformSupportModulesInManaged (16ms)
				SetLoadedEditorAssemblies (1ms)
				RefreshPlugins (2ms)
				BeforeProcessingInitializeOnLoad (332ms)
				ProcessInitializeOnLoadAttributes (939ms)
				ProcessInitializeOnLoadMethodAttributes (42ms)
				AfterProcessingInitializeOnLoad (22ms)
				EditorAssembliesLoaded (1ms)
			ExecutionOrderSort2 (0ms)
			AwakeInstancesAfterBackupRestoration (16ms)
Platform modules already initialized, skipping
Refreshing native plugins compatible for Editor in 1.38 ms, found 3 plugins.
Preloading 0 native plugins for Editor in 0.00 ms.
Unloading 3638 Unused Serialized files (Serialized files now loaded: 0)
System memory in use before: 145.8 MB.
System memory in use after: 146.0 MB.

Unloading 33 unused Assets to reduce memory usage. Loaded Objects now: 4089.
Total: 5.732700 ms (FindLiveObjects: 0.347800 ms CreateObjectMapping: 0.267200 ms MarkObjects: 5.066700 ms  DeleteObjects: 0.048700 ms)

AssetImportParameters requested are different than current active one (requested -> active):
  custom:framework-win-MediaFoundation: 216162199b28c13a410421893ffa2e32 -> 
  custom:video-decoder-ogg-theora: a1e56fd34408186e4bbccfd4996cb3dc -> 
  custom:container-muxer-webm: aa71ff27fc2769a1b78a27578f13a17b -> 
  custom:container-demuxer-webm: 4f35f7cbe854078d1ac9338744f61a02 -> 
  custom:container-demuxer-ogg: 62fdf1f143b41e24485cea50d1cbac27 -> 
  custom:video-encoder-webm-vp8: eb34c28f22e8b96e1ab97ce403110664 -> 
  custom:video-decoder-webm-vp8: 9c59270c3fd7afecdb556c50c9e8de78 -> 
  custom:audio-decoder-ogg-vorbis: bf7c407c2cedff20999df2af8eb42d56 -> 
  custom:audio-encoder-webm-vorbis: bf7c407c2cedff20999df2af8eb42d56 -> 
========================================================================
Received Prepare
Refreshing native plugins compatible for Editor in 12.80 ms, found 3 plugins.
Preloading 0 native plugins for Editor in 0.00 ms.
Unloading 31 Unused Serialized files (Serialized files now loaded: 0)
System memory in use before: 74.7 MB.
System memory in use after: 75.0 MB.

Unloading 31 unused Assets to reduce memory usage. Loaded Objects now: 4089.
Total: 6.327200 ms (FindLiveObjects: 0.336600 ms CreateObjectMapping: 0.264600 ms MarkObjects: 5.694300 ms  DeleteObjects: 0.029900 ms)

AssetImportParameters requested are different than current active one (requested -> active):
  custom:framework-win-MediaFoundation: 216162199b28c13a410421893ffa2e32 -> 
  custom:video-decoder-ogg-theora: a1e56fd34408186e4bbccfd4996cb3dc -> 
  custom:container-muxer-webm: aa71ff27fc2769a1b78a27578f13a17b -> 
  custom:container-demuxer-webm: 4f35f7cbe854078d1ac9338744f61a02 -> 
  custom:container-demuxer-ogg: 62fdf1f143b41e24485cea50d1cbac27 -> 
  custom:video-encoder-webm-vp8: eb34c28f22e8b96e1ab97ce403110664 -> 
  custom:video-decoder-webm-vp8: 9c59270c3fd7afecdb556c50c9e8de78 -> 
  custom:audio-decoder-ogg-vorbis: bf7c407c2cedff20999df2af8eb42d56 -> 
  custom:audio-encoder-webm-vorbis: bf7c407c2cedff20999df2af8eb42d56 -> 
========================================================================
Received Prepare
Refreshing native plugins compatible for Editor in 9.78 ms, found 3 plugins.
Preloading 0 native plugins for Editor in 0.00 ms.
Unloading 31 Unused Serialized files (Serialized files now loaded: 0)
System memory in use before: 74.7 MB.
System memory in use after: 75.0 MB.

Unloading 31 unused Assets to reduce memory usage. Loaded Objects now: 4089.
Total: 5.359400 ms (FindLiveObjects: 0.306900 ms CreateObjectMapping: 0.208800 ms MarkObjects: 4.812900 ms  DeleteObjects: 0.029700 ms)

AssetImportParameters requested are different than current active one (requested -> active):
  custom:framework-win-MediaFoundation: 216162199b28c13a410421893ffa2e32 -> 
  custom:video-decoder-ogg-theora: a1e56fd34408186e4bbccfd4996cb3dc -> 
  custom:container-muxer-webm: aa71ff27fc2769a1b78a27578f13a17b -> 
  custom:container-demuxer-webm: 4f35f7cbe854078d1ac9338744f61a02 -> 
  custom:container-demuxer-ogg: 62fdf1f143b41e24485cea50d1cbac27 -> 
  custom:video-encoder-webm-vp8: eb34c28f22e8b96e1ab97ce403110664 -> 
  custom:video-decoder-webm-vp8: 9c59270c3fd7afecdb556c50c9e8de78 -> 
  custom:audio-decoder-ogg-vorbis: bf7c407c2cedff20999df2af8eb42d56 -> 
  custom:audio-encoder-webm-vorbis: bf7c407c2cedff20999df2af8eb42d56 -> 
========================================================================
Received Prepare
Refreshing native plugins compatible for Editor in 13.74 ms, found 3 plugins.
Preloading 0 native plugins for Editor in 0.00 ms.
Unloading 31 Unused Serialized files (Serialized files now loaded: 0)
System memory in use before: 74.7 MB.
System memory in use after: 75.0 MB.

Unloading 31 unused Assets to reduce memory usage. Loaded Objects now: 4089.
Total: 6.193600 ms (FindLiveObjects: 0.442900 ms CreateObjectMapping: 0.398000 ms MarkObjects: 5.310800 ms  DeleteObjects: 0.040100 ms)

AssetImportParameters requested are different than current active one (requested -> active):
  custom:framework-win-MediaFoundation: 216162199b28c13a410421893ffa2e32 -> 
  custom:video-decoder-ogg-theora: a1e56fd34408186e4bbccfd4996cb3dc -> 
  custom:container-muxer-webm: aa71ff27fc2769a1b78a27578f13a17b -> 
  custom:container-demuxer-webm: 4f35f7cbe854078d1ac9338744f61a02 -> 
  custom:container-demuxer-ogg: 62fdf1f143b41e24485cea50d1cbac27 -> 
  custom:video-encoder-webm-vp8: eb34c28f22e8b96e1ab97ce403110664 -> 
  custom:video-decoder-webm-vp8: 9c59270c3fd7afecdb556c50c9e8de78 -> 
  custom:audio-decoder-ogg-vorbis: bf7c407c2cedff20999df2af8eb42d56 -> 
  custom:audio-encoder-webm-vorbis: bf7c407c2cedff20999df2af8eb42d56 -> 
========================================================================
Received Prepare
Registering precompiled user dll's ...
Registered in 0.035235 seconds.
Begin MonoManager ReloadAssembly
Native extension for WindowsStandalone target not found
Native extension for OSXStandalone target not found
Native extension for WebGL target not found
Refreshing native plugins compatible for Editor in 1.33 ms, found 3 plugins.
Preloading 0 native plugins for Editor in 0.00 ms.
System.NullReferenceException: Object reference not set to an instance of an object
  at Unity.Services.Core.Editor.PackageConfig..ctor (UnityEditor.PackageManager.PackageInfo packageInfo) [0x00001] in C:\Users\tommy\Desktop\Game Development\MultiplayerSAT\SelfDefense\Library\PackageCache\com.unity.services.core@1.1.0-pre.41\Editor\Core\Telemetry\PackageConfig.cs:15 
  at Unity.Services.Core.Editor.OperatePackageVersionConfigProvider.<FindAllOperatePackageInProject>g__GetPackageConfigFrom|7_0 (System.Type type) [0x0000d] in C:\Users\tommy\Desktop\Game Development\MultiplayerSAT\SelfDefense\Library\PackageCache\com.unity.services.core@1.1.0-pre.41\Editor\Core\Telemetry\OperatePackageVersionConfigProvider.cs:50 
  at (wrapper delegate-invoke) System.Func`2[System.Type,Unity.Services.Core.Editor.PackageConfig].invoke_TResult_T(System.Type)
  at System.Linq.Enumerable+SelectIListIterator`2[TSource,TResult].MoveNext () [0x00048] in <351e49e2a5bf4fd6beabb458ce2255f3>:0 
  at System.Linq.Set`1[TElement].UnionWith (System.Collections.Generic.IEnumerable`1[T] other) [0x00018] in <351e49e2a5bf4fd6beabb458ce2255f3>:0 
  at System.Linq.Enumerable+DistinctIterator`1[TSource].FillSet () [0x0000b] in <351e49e2a5bf4fd6beabb458ce2255f3>:0 
  at System.Linq.Enumerable+DistinctIterator`1[TSource].ToList () [0x00000] in <351e49e2a5bf4fd6beabb458ce2255f3>:0 
  at System.Linq.Enumerable.ToList[TSource] (System.Collections.Generic.IEnumerable`1[T] source) [0x0001f] in <351e49e2a5bf4fd6beabb458ce2255f3>:0 
  at Unity.Services.Core.Editor.OperatePackageVersionConfigProvider.FindAllOperatePackageInProject () [0x00001] in C:\Users\tommy\Desktop\Game Development\MultiplayerSAT\SelfDefense\Library\PackageCache\com.unity.services.core@1.1.0-pre.41\Editor\Core\Telemetry\OperatePackageVersionConfigProvider.cs:41 
  at Unity.Services.Core.Editor.OperatePackageVersionConfigProvider..cctor () [0x00001] in C:\Users\tommy\Desktop\Game Development\MultiplayerSAT\SelfDefense\Library\PackageCache\com.unity.services.core@1.1.0-pre.41\Editor\Core\Telemetry\OperatePackageVersionConfigProvider.cs:20 
UnityEngine.StackTraceUtility:ExtractStackTrace ()
UnityEngine.DebugLogHandler:LogFormat (UnityEngine.LogType,UnityEngine.Object,string,object[])
UnityEngine.Logger:Log (UnityEngine.LogType,object)
UnityEngine.Debug:LogError (object)
UnityEditor.EditorAssemblies:ProcessInitializeOnLoadAttributes (System.Type[])

System.Reflection.TargetInvocationException: Exception has been thrown by the target of an invocation. ---> System.Reflection.TargetInvocationException: Exception has been thrown by the target of an invocation. ---> System.TypeInitializationException: The type initializer for 'Unity.Services.Core.Editor.OperatePackageVersionConfigProvider' threw an exception. ---> System.NullReferenceException: Object reference not set to an instance of an object
  at Unity.Services.Core.Editor.PackageConfig..ctor (UnityEditor.PackageManager.PackageInfo packageInfo) [0x00001] in C:\Users\tommy\Desktop\Game Development\MultiplayerSAT\SelfDefense\Library\PackageCache\com.unity.services.core@1.1.0-pre.41\Editor\Core\Telemetry\PackageConfig.cs:15 
  at Unity.Services.Core.Editor.OperatePackageVersionConfigProvider.<FindAllOperatePackageInProject>g__GetPackageConfigFrom|7_0 (System.Type type) [0x0000d] in C:\Users\tommy\Desktop\Game Development\MultiplayerSAT\SelfDefense\Library\PackageCache\com.unity.services.core@1.1.0-pre.41\Editor\Core\Telemetry\OperatePackageVersionConfigProvider.cs:50 
  at (wrapper delegate-invoke) System.Func`2[System.Type,Unity.Services.Core.Editor.PackageConfig].invoke_TResult_T(System.Type)
  at System.Linq.Enumerable+SelectIListIterator`2[TSource,TResult].MoveNext () [0x00048] in <351e49e2a5bf4fd6beabb458ce2255f3>:0 
  at System.Linq.Set`1[TElement].UnionWith (System.Collections.Generic.IEnumerable`1[T] other) [0x00018] in <351e49e2a5bf4fd6beabb458ce2255f3>:0 
  at System.Linq.Enumerable+DistinctIterator`1[TSource].FillSet () [0x0000b] in <351e49e2a5bf4fd6beabb458ce2255f3>:0 
  at System.Linq.Enumerable+DistinctIterator`1[TSource].ToList () [0x00000] in <351e49e2a5bf4fd6beabb458ce2255f3>:0 
  at System.Linq.Enumerable.ToList[TSource] (System.Collections.Generic.IEnumerable`1[T] source) [0x0001f] in <351e49e2a5bf4fd6beabb458ce2255f3>:0 
  at Unity.Services.Core.Editor.OperatePackageVersionConfigProvider.FindAllOperatePackageInProject () [0x00001] in C:\Users\tommy\Desktop\Game Development\MultiplayerSAT\SelfDefense\Library\PackageCache\com.unity.services.core@1.1.0-pre.41\Editor\Core\Telemetry\OperatePackageVersionConfigProvider.cs:41 
  at Unity.Services.Core.Editor.OperatePackageVersionConfigProvider..cctor () [0x00001] in C:\Users\tommy\Desktop\Game Development\MultiplayerSAT\SelfDefense\Library\PackageCache\com.unity.services.core@1.1.0-pre.41\Editor\Core\Telemetry\OperatePackageVersionConfigProvider.cs:20 
   --- End of inner exception stack trace ---
  at (wrapper managed-to-native) System.Reflection.MonoCMethod.InternalInvoke(System.Reflection.MonoCMethod,object,object[],System.Exception&)
  at System.Reflection.MonoCMethod.InternalInvoke (System.Object obj, System.Object[] parameters) [0x00002] in <695d1cc93cca45069c528c15c9fdd749>:0 
   --- End of inner exception stack trace ---
  at System.Reflection.MonoCMethod.InternalInvoke (System.Object obj, System.Object[] parameters) [0x00014] in <695d1cc93cca45069c528c15c9fdd749>:0 
  at System.RuntimeType.CreateInstanceMono (System.Boolean nonPublic) [0x000a8] in <695d1cc93cca45069c528c15c9fdd749>:0 
  at System.RuntimeType.CreateInstanceSlow (System.Boolean publicOnly, System.Boolean skipCheckThis, System.Boolean fillCache, System.Threading.StackCrawlMark& stackMark) [0x00009] in <695d1cc93cca45069c528c15c9fdd749>:0 
  at System.RuntimeType.CreateInstanceDefaultCtor (System.Boolean publicOnly, System.Boolean skipCheckThis, System.Boolean fillCache, System.Threading.StackCrawlMark& stackMark) [0x00027] in <695d1cc93cca45069c528c15c9fdd749>:0 
  at System.Activator.CreateInstance (System.Type type, System.Boolean nonPublic) [0x0002c] in <695d1cc93cca45069c528c15c9fdd749>:0 
  at System.Activator.CreateInstance (System.Type type) [0x00000] in <695d1cc93cca45069c528c15c9fdd749>:0 
  at Unity.Services.Core.Configuration.Editor.ProjectConfigurationBuilder+<>c.<GenerateOrderedConfigurationProviders>b__5_1 (System.Type type) [0x00000] in C:\Users\tommy\Desktop\Game Development\MultiplayerSAT\SelfDefense\Library\PackageCache\com.unity.services.core@1.1.0-pre.41\Editor\Core\Configuration\ProjectConfigurationBuilder.cs:46 
  at System.Linq.Enumerable+WhereSelectEnumerableIterator`2[TSource,TResult].ToArray () [0x0002b] in <351e49e2a5bf4fd6beabb458ce2255f3>:0 
  at System.Linq.Buffer`1[TElement]..ctor (System.Collections.Generic.IEnumerable`1[T] source) [0x0000a] in <351e49e2a5bf4fd6beabb458ce2255f3>:0 
  at System.Linq.OrderedEnumerable`1[TElement].ToArray () [0x00000] in <351e49e2a5bf4fd6beabb458ce2255f3>:0 
  at System.Linq.Enumerable.ToArray[TSource] (System.Collections.Generic.IEnumerable`1[T] source) [0x0001f] in <351e49e2a5bf4fd6beabb458ce2255f3>:0 
  at Unity.Services.Core.Configuration.Editor.ProjectConfigurationBuilder.GenerateOrderedConfigurationProviders () [0x00001] in C:\Users\tommy\Desktop\Game Development\MultiplayerSAT\SelfDefense\Library\PackageCache\com.unity.services.core@1.1.0-pre.41\Editor\Core\Configuration\ProjectConfigurationBuilder.cs:44 
  at Unity.Services.Core.Configuration.Editor.ProjectConfigurationBuilder.CreateEditorInstanceIfNone () [0x00013] in C:\Users\tommy\Desktop\Game Development\MultiplayerSAT\SelfDefense\Library\PackageCache\com.unity.services.core@1.1.0-pre.41\Editor\Core\Configuration\ProjectConfigurationBuilder.cs:38 
  at (wrapper managed-to-native) System.Reflection.MonoMethod.InternalInvoke(System.Reflection.MonoMethod,object,object[],System.Exception&)
  at System.Reflection.MonoMethod.Invoke (System.Object obj, System.Reflection.BindingFlags invokeAttr, System.Reflection.Binder binder, System.Object[] parameters, System.Globalization.CultureInfo culture) [0x00032] in <695d1cc93cca45069c528c15c9fdd749>:0 
   --- End of inner exception stack trace ---
  at System.Reflection.MonoMethod.Invoke (System.Object obj, System.Reflection.BindingFlags invokeAttr, System.Reflection.Binder binder, System.Object[] parameters, System.Globalization.CultureInfo culture) [0x00048] in <695d1cc93cca45069c528c15c9fdd749>:0 
  at System.Reflection.MethodBase.Invoke (System.Object obj, System.Object[] parameters) [0x00000] in <695d1cc93cca45069c528c15c9fdd749>:0 
  at UnityEditor.EditorAssemblies.ProcessInitializeOnLoadMethodAttributes () [0x00047] in <7ac35247888b44f4a7e290f1f6bb33f3>:0 
UnityEngine.StackTraceUtility:ExtractStackTrace ()
UnityEngine.DebugLogHandler:LogFormat (UnityEngine.LogType,UnityEngine.Object,string,object[])
UnityEngine.Logger:Log (UnityEngine.LogType,object)
UnityEngine.Debug:LogError (object)
UnityEditor.EditorAssemblies:ProcessInitializeOnLoadMethodAttributes ()

Mono: successfully reloaded assembly
- Completed reload, in  3.097 seconds
Domain Reload Profiling:
	ReloadAssembly (3098ms)
		BeginReloadAssembly (265ms)
			ExecutionOrderSort (0ms)
			DisableScriptedObjects (16ms)
			BackupInstance (0ms)
			ReleaseScriptingObjects (0ms)
			CreateAndSetChildDomain (85ms)
		EndReloadAssembly (2699ms)
			LoadAssemblies (254ms)
			RebuildTransferFunctionScriptingTraits (0ms)
			SetupTypeCache (796ms)
			ReleaseScriptCaches (2ms)
			RebuildScriptCaches (120ms)
			SetupLoadedEditorAssemblies (1315ms)
				LogAssemblyErrors (0ms)
				InitializePlatformSupportModulesInManaged (16ms)
				SetLoadedEditorAssemblies (1ms)
				RefreshPlugins (2ms)
				BeforeProcessingInitializeOnLoad (312ms)
				ProcessInitializeOnLoadAttributes (929ms)
				ProcessInitializeOnLoadMethodAttributes (39ms)
				AfterProcessingInitializeOnLoad (17ms)
				EditorAssembliesLoaded (1ms)
			ExecutionOrderSort2 (0ms)
			AwakeInstancesAfterBackupRestoration (18ms)
Platform modules already initialized, skipping
Refreshing native plugins compatible for Editor in 1.08 ms, found 3 plugins.
Preloading 0 native plugins for Editor in 0.00 ms.
Unloading 3638 Unused Serialized files (Serialized files now loaded: 0)
System memory in use before: 145.9 MB.
System memory in use after: 146.1 MB.

Unloading 33 unused Assets to reduce memory usage. Loaded Objects now: 4091.
Total: 7.173000 ms (FindLiveObjects: 0.381400 ms CreateObjectMapping: 0.349200 ms MarkObjects: 6.393500 ms  DeleteObjects: 0.046600 ms)

AssetImportParameters requested are different than current active one (requested -> active):
  custom:framework-win-MediaFoundation: 216162199b28c13a410421893ffa2e32 -> 
  custom:video-decoder-ogg-theora: a1e56fd34408186e4bbccfd4996cb3dc -> 
  custom:container-muxer-webm: aa71ff27fc2769a1b78a27578f13a17b -> 
  custom:container-demuxer-webm: 4f35f7cbe854078d1ac9338744f61a02 -> 
  custom:container-demuxer-ogg: 62fdf1f143b41e24485cea50d1cbac27 -> 
  custom:video-encoder-webm-vp8: eb34c28f22e8b96e1ab97ce403110664 -> 
  custom:video-decoder-webm-vp8: 9c59270c3fd7afecdb556c50c9e8de78 -> 
  custom:audio-decoder-ogg-vorbis: bf7c407c2cedff20999df2af8eb42d56 -> 
  custom:audio-encoder-webm-vorbis: bf7c407c2cedff20999df2af8eb42d56 -> 
========================================================================
Received Prepare
Refreshing native plugins compatible for Editor in 11.69 ms, found 3 plugins.
Preloading 0 native plugins for Editor in 0.00 ms.
Unloading 31 Unused Serialized files (Serialized files now loaded: 0)
System memory in use before: 74.8 MB.
System memory in use after: 75.1 MB.

Unloading 31 unused Assets to reduce memory usage. Loaded Objects now: 4091.
Total: 4.938700 ms (FindLiveObjects: 0.332200 ms CreateObjectMapping: 0.237300 ms MarkObjects: 4.341500 ms  DeleteObjects: 0.026300 ms)

AssetImportParameters requested are different than current active one (requested -> active):
  custom:framework-win-MediaFoundation: 216162199b28c13a410421893ffa2e32 -> 
  custom:video-decoder-ogg-theora: a1e56fd34408186e4bbccfd4996cb3dc -> 
  custom:container-muxer-webm: aa71ff27fc2769a1b78a27578f13a17b -> 
  custom:container-demuxer-webm: 4f35f7cbe854078d1ac9338744f61a02 -> 
  custom:container-demuxer-ogg: 62fdf1f143b41e24485cea50d1cbac27 -> 
  custom:video-encoder-webm-vp8: eb34c28f22e8b96e1ab97ce403110664 -> 
  custom:video-decoder-webm-vp8: 9c59270c3fd7afecdb556c50c9e8de78 -> 
  custom:audio-decoder-ogg-vorbis: bf7c407c2cedff20999df2af8eb42d56 -> 
  custom:audio-encoder-webm-vorbis: bf7c407c2cedff20999df2af8eb42d56 -> 
========================================================================
Received Prepare
Refreshing native plugins compatible for Editor in 9.68 ms, found 3 plugins.
Preloading 0 native plugins for Editor in 0.00 ms.
Unloading 31 Unused Serialized files (Serialized files now loaded: 0)
System memory in use before: 74.8 MB.
System memory in use after: 75.1 MB.

Unloading 31 unused Assets to reduce memory usage. Loaded Objects now: 4091.
Total: 5.947700 ms (FindLiveObjects: 0.323100 ms CreateObjectMapping: 0.253000 ms MarkObjects: 5.327100 ms  DeleteObjects: 0.042700 ms)

AssetImportParameters requested are different than current active one (requested -> active):
  custom:framework-win-MediaFoundation: 216162199b28c13a410421893ffa2e32 -> 
  custom:video-decoder-ogg-theora: a1e56fd34408186e4bbccfd4996cb3dc -> 
  custom:container-muxer-webm: aa71ff27fc2769a1b78a27578f13a17b -> 
  custom:container-demuxer-webm: 4f35f7cbe854078d1ac9338744f61a02 -> 
  custom:container-demuxer-ogg: 62fdf1f143b41e24485cea50d1cbac27 -> 
  custom:video-encoder-webm-vp8: eb34c28f22e8b96e1ab97ce403110664 -> 
  custom:video-decoder-webm-vp8: 9c59270c3fd7afecdb556c50c9e8de78 -> 
  custom:audio-decoder-ogg-vorbis: bf7c407c2cedff20999df2af8eb42d56 -> 
  custom:audio-encoder-webm-vorbis: bf7c407c2cedff20999df2af8eb42d56 -> 
AssetImportWorkerClient::OnTransportError - code=2 error=End of file
